<?xml version="1.0" encoding="UTF-8"?>
<testng-results ignored="0" total="1" passed="1" failed="0" skipped="0">
  <reporter-output>
  </reporter-output>
  <suite started-at="2023-09-17T01:13:02 GMT" name="Default suite" finished-at="2023-09-17T01:14:27 GMT" duration-ms="85241">
    <groups>
    </groups>
    <test started-at="2023-09-17T01:13:02 GMT" name="Default test" finished-at="2023-09-17T01:14:27 GMT" duration-ms="85241">
      <class name="tests.AccountsTest">
        <test-method is-config="true" signature="setup()[pri:0, instance:tests.AccountsTest@434a63ab]" started-at="2023-09-17T01:13:02 GMT" name="setup" finished-at="2023-09-17T01:13:45 GMT" duration-ms="43392" status="PASS">
          <reporter-output>
          </reporter-output>
        </test-method> <!-- setup -->
        <test-method signature="testCurrentAccount()[pri:0, instance:tests.AccountsTest@434a63ab]" started-at="2023-09-17T01:13:45 GMT" name="testCurrentAccount" finished-at="2023-09-17T01:14:27 GMT" duration-ms="41768" status="PASS">
          <reporter-output>
          </reporter-output>
        </test-method> <!-- testCurrentAccount -->
        <test-method is-config="true" signature="teardown()[pri:0, instance:tests.AccountsTest@434a63ab]" started-at="2023-09-17T01:14:27 GMT" name="teardown" finished-at="2023-09-17T01:14:27 GMT" duration-ms="430" status="PASS">
          <reporter-output>
          </reporter-output>
        </test-method> <!-- teardown -->
      </class> <!-- tests.AccountsTest -->
    </test> <!-- Default test -->
  </suite> <!-- Default suite -->
</testng-results>
